2023-09-04 00:04:51,047 INFO  [main] com.pks.orderservice.OrderServiceApplication : Starting OrderServiceApplication using Java 17.0.7 with PID 20396 (C:\Users\USER\Documents\order-service\target\classes started by USER in C:\Users\USER\Documents\ProductService)
2023-09-04 00:04:51,050 INFO  [main] com.pks.orderservice.OrderServiceApplication : No active profile set, falling back to 1 default profile: "default"
2023-09-04 00:04:53,136 INFO  [main] org.springframework.data.repository.config.RepositoryConfigurationDelegate : Bootstrapping Spring Data JPA repositories in DEFAULT mode.
2023-09-04 00:04:53,237 INFO  [main] org.springframework.data.repository.config.RepositoryConfigurationDelegate : Finished Spring Data repository scanning in 92 ms. Found 1 JPA repository interfaces.
2023-09-04 00:04:53,653 INFO  [main] org.springframework.cloud.context.scope.GenericScope : BeanFactory id=c256f66e-b754-3a4d-bc5e-b2546c38b3ed
2023-09-04 00:04:53,773 INFO  [main] org.springframework.context.support.PostProcessorRegistrationDelegate$BeanPostProcessorChecker : Bean 'com.pks.orderservice.external.client.ProductService' of type [org.springframework.cloud.openfeign.FeignClientFactoryBean] is not eligible for getting processed by all BeanPostProcessors (for example: not eligible for auto-proxying)
2023-09-04 00:04:54,193 INFO  [main] org.springframework.boot.web.embedded.tomcat.TomcatWebServer : Tomcat initialized with port(s): 8082 (http)
2023-09-04 00:04:54,205 INFO  [main] org.apache.catalina.core.StandardService : Starting service [Tomcat]
2023-09-04 00:04:54,205 INFO  [main] org.apache.catalina.core.StandardEngine : Starting Servlet engine: [Apache Tomcat/10.1.12]
2023-09-04 00:04:54,344 INFO  [main] org.apache.catalina.core.ContainerBase.[Tomcat].[localhost].[/] : Initializing Spring embedded WebApplicationContext
2023-09-04 00:04:54,345 INFO  [main] org.springframework.boot.web.servlet.context.ServletWebServerApplicationContext : Root WebApplicationContext: initialization completed in 3184 ms
2023-09-04 00:04:55,492 INFO  [main] org.springframework.orm.jpa.persistenceunit.SpringPersistenceUnitInfo : No LoadTimeWeaver setup: ignoring JPA class transformer
2023-09-04 00:04:55,507 INFO  [main] com.zaxxer.hikari.HikariDataSource : HikariPool-1 - Starting...
2023-09-04 00:04:55,829 INFO  [main] com.zaxxer.hikari.pool.HikariPool : HikariPool-1 - Added connection com.mysql.cj.jdbc.ConnectionImpl@583030bd
2023-09-04 00:04:55,832 INFO  [main] com.zaxxer.hikari.HikariDataSource : HikariPool-1 - Start completed.
2023-09-04 00:04:57,117 INFO  [main] org.springframework.orm.jpa.LocalContainerEntityManagerFactoryBean : Initialized JPA EntityManagerFactory for persistence unit 'default'
2023-09-04 00:04:57,580 WARN  [main] org.springframework.boot.autoconfigure.orm.jpa.JpaBaseConfiguration$JpaWebConfiguration : spring.jpa.open-in-view is enabled by default. Therefore, database queries may be performed during view rendering. Explicitly configure spring.jpa.open-in-view to disable this warning
2023-09-04 00:04:57,671 INFO  [main] org.springframework.cloud.openfeign.FeignClientFactoryBean : For 'PRODUCT-SERVICE/product' URL not provided. Will try picking an instance via load-balancing.
2023-09-04 00:04:59,507 INFO  [main] org.springframework.cloud.commons.util.InetUtils : Cannot determine local hostname
2023-09-04 00:05:01,367 INFO  [main] org.springframework.cloud.commons.util.InetUtils : Cannot determine local hostname
2023-09-04 00:05:01,381 INFO  [main] org.springframework.cloud.netflix.eureka.config.DiscoveryClientOptionalArgsConfiguration : Eureka HTTP Client uses RestTemplate.
2023-09-04 00:05:01,452 WARN  [main] org.springframework.cloud.loadbalancer.config.LoadBalancerCacheAutoConfiguration$LoadBalancerCaffeineWarnLogger : Spring Cloud LoadBalancer is currently working with the default cache. While this cache implementation is useful for development and tests, it's recommended to use Caffeine cache in production.You can switch to using Caffeine cache, by adding it and org.springframework.cache.caffeine.CaffeineCacheManager to the classpath.
2023-09-04 00:05:01,494 INFO  [main] org.springframework.boot.actuate.endpoint.web.EndpointLinksResolver : Exposing 1 endpoint(s) beneath base path '/actuator'
2023-09-04 00:05:01,660 INFO  [main] org.springframework.cloud.netflix.eureka.InstanceInfoFactory : Setting initial instance status as: STARTING
2023-09-04 00:05:01,722 INFO  [main] com.netflix.discovery.DiscoveryClient : Initializing Eureka in region us-east-1
2023-09-04 00:05:01,731 INFO  [main] com.netflix.discovery.shared.resolver.aws.ConfigClusterResolver : Resolving eureka endpoints via configuration
2023-09-04 00:05:01,774 INFO  [main] com.netflix.discovery.DiscoveryClient : Disable delta property : false
2023-09-04 00:05:01,774 INFO  [main] com.netflix.discovery.DiscoveryClient : Single vip registry refresh property : null
2023-09-04 00:05:01,774 INFO  [main] com.netflix.discovery.DiscoveryClient : Force full registry fetch : false
2023-09-04 00:05:01,774 INFO  [main] com.netflix.discovery.DiscoveryClient : Application is null : false
2023-09-04 00:05:01,774 INFO  [main] com.netflix.discovery.DiscoveryClient : Registered Applications size is zero : true
2023-09-04 00:05:01,774 INFO  [main] com.netflix.discovery.DiscoveryClient : Application version is -1: true
2023-09-04 00:05:01,774 INFO  [main] com.netflix.discovery.DiscoveryClient : Getting all instance registry info from the eureka server
2023-09-04 00:05:02,182 INFO  [main] com.netflix.discovery.DiscoveryClient : The response status is 200
2023-09-04 00:05:02,187 INFO  [main] com.netflix.discovery.DiscoveryClient : Starting heartbeat executor: renew interval is: 30
2023-09-04 00:05:02,191 INFO  [main] com.netflix.discovery.InstanceInfoReplicator : InstanceInfoReplicator onDemand update allowed rate per min is 4
2023-09-04 00:05:02,202 INFO  [main] com.netflix.discovery.DiscoveryClient : Discovery Client initialized at timestamp 1693782302200 with initial instances count: 2
2023-09-04 00:05:02,207 INFO  [main] org.springframework.cloud.netflix.eureka.serviceregistry.EurekaServiceRegistry : Registering application ORDER-SERVICE with eureka with status UP
2023-09-04 00:05:02,209 INFO  [main] com.netflix.discovery.DiscoveryClient : Saw local status change event StatusChangeEvent [timestamp=1693782302209, current=UP, previous=STARTING]
2023-09-04 00:05:02,213 INFO  [DiscoveryClient-InstanceInfoReplicator-0] com.netflix.discovery.DiscoveryClient : DiscoveryClient_ORDER-SERVICE/localhost:ORDER-SERVICE:8082: registering service...
2023-09-04 00:05:02,265 INFO  [main] org.springframework.boot.web.embedded.tomcat.TomcatWebServer : Tomcat started on port(s): 8082 (http) with context path ''
2023-09-04 00:05:02,267 INFO  [main] org.springframework.cloud.netflix.eureka.serviceregistry.EurekaAutoServiceRegistration : Updating port to 8082
2023-09-04 00:05:02,311 INFO  [DiscoveryClient-InstanceInfoReplicator-0] com.netflix.discovery.DiscoveryClient : DiscoveryClient_ORDER-SERVICE/localhost:ORDER-SERVICE:8082 - registration status: 204
2023-09-04 00:05:03,743 INFO  [main] org.springframework.cloud.commons.util.InetUtils : Cannot determine local hostname
2023-09-04 00:05:03,779 INFO  [main] com.pks.orderservice.OrderServiceApplication : Started OrderServiceApplication in 15.118 seconds (process running for 16.551)
2023-09-04 00:07:23,289 INFO  [SpringApplicationShutdownHook] org.springframework.cloud.netflix.eureka.serviceregistry.EurekaServiceRegistry : Unregistering application ORDER-SERVICE with eureka with status DOWN
2023-09-04 00:07:23,290 INFO  [SpringApplicationShutdownHook] com.netflix.discovery.DiscoveryClient : Saw local status change event StatusChangeEvent [timestamp=1693782443290, current=DOWN, previous=UP]
2023-09-04 00:07:23,291 INFO  [DiscoveryClient-InstanceInfoReplicator-0] com.netflix.discovery.DiscoveryClient : DiscoveryClient_ORDER-SERVICE/localhost:ORDER-SERVICE:8082: registering service...
2023-09-04 00:07:23,299 INFO  [DiscoveryClient-InstanceInfoReplicator-0] com.netflix.discovery.DiscoveryClient : DiscoveryClient_ORDER-SERVICE/localhost:ORDER-SERVICE:8082 - registration status: 204
2023-09-04 00:07:23,363 INFO  [SpringApplicationShutdownHook] org.springframework.orm.jpa.LocalContainerEntityManagerFactoryBean : Closing JPA EntityManagerFactory for persistence unit 'default'
2023-09-04 00:07:23,367 INFO  [SpringApplicationShutdownHook] com.zaxxer.hikari.HikariDataSource : HikariPool-1 - Shutdown initiated...
2023-09-04 00:07:23,383 INFO  [SpringApplicationShutdownHook] com.zaxxer.hikari.HikariDataSource : HikariPool-1 - Shutdown completed.
2023-09-04 00:07:24,389 INFO  [SpringApplicationShutdownHook] com.netflix.discovery.DiscoveryClient : Shutting down DiscoveryClient ...
2023-09-04 00:07:27,403 INFO  [SpringApplicationShutdownHook] com.netflix.discovery.DiscoveryClient : Unregistering ...
2023-09-04 00:07:27,409 INFO  [SpringApplicationShutdownHook] com.netflix.discovery.DiscoveryClient : DiscoveryClient_ORDER-SERVICE/localhost:ORDER-SERVICE:8082 - deregister  status: 200
2023-09-04 00:07:27,416 INFO  [SpringApplicationShutdownHook] com.netflix.discovery.DiscoveryClient : Completed shut down of DiscoveryClient
2023-09-04 00:07:34,842 INFO  [main] com.pks.orderservice.OrderServiceApplication : Starting OrderServiceApplication using Java 17.0.7 with PID 23144 (C:\Users\USER\Documents\order-service\target\classes started by USER in C:\Users\USER\Documents\ProductService)
2023-09-04 00:07:34,846 INFO  [main] com.pks.orderservice.OrderServiceApplication : No active profile set, falling back to 1 default profile: "default"
2023-09-04 00:07:37,323 INFO  [main] org.springframework.data.repository.config.RepositoryConfigurationDelegate : Bootstrapping Spring Data JPA repositories in DEFAULT mode.
2023-09-04 00:07:37,438 INFO  [main] org.springframework.data.repository.config.RepositoryConfigurationDelegate : Finished Spring Data repository scanning in 103 ms. Found 1 JPA repository interfaces.
2023-09-04 00:07:37,857 INFO  [main] org.springframework.cloud.context.scope.GenericScope : BeanFactory id=c256f66e-b754-3a4d-bc5e-b2546c38b3ed
2023-09-04 00:07:37,986 INFO  [main] org.springframework.context.support.PostProcessorRegistrationDelegate$BeanPostProcessorChecker : Bean 'com.pks.orderservice.external.client.ProductService' of type [org.springframework.cloud.openfeign.FeignClientFactoryBean] is not eligible for getting processed by all BeanPostProcessors (for example: not eligible for auto-proxying)
2023-09-04 00:07:38,397 INFO  [main] org.springframework.boot.web.embedded.tomcat.TomcatWebServer : Tomcat initialized with port(s): 8082 (http)
2023-09-04 00:07:38,407 INFO  [main] org.apache.catalina.core.StandardService : Starting service [Tomcat]
2023-09-04 00:07:38,409 INFO  [main] org.apache.catalina.core.StandardEngine : Starting Servlet engine: [Apache Tomcat/10.1.12]
2023-09-04 00:07:38,548 INFO  [main] org.apache.catalina.core.ContainerBase.[Tomcat].[localhost].[/] : Initializing Spring embedded WebApplicationContext
2023-09-04 00:07:38,549 INFO  [main] org.springframework.boot.web.servlet.context.ServletWebServerApplicationContext : Root WebApplicationContext: initialization completed in 3591 ms
2023-09-04 00:07:39,712 INFO  [main] org.springframework.orm.jpa.persistenceunit.SpringPersistenceUnitInfo : No LoadTimeWeaver setup: ignoring JPA class transformer
2023-09-04 00:07:39,733 INFO  [main] com.zaxxer.hikari.HikariDataSource : HikariPool-1 - Starting...
2023-09-04 00:07:40,055 INFO  [main] com.zaxxer.hikari.pool.HikariPool : HikariPool-1 - Added connection com.mysql.cj.jdbc.ConnectionImpl@583030bd
2023-09-04 00:07:40,057 INFO  [main] com.zaxxer.hikari.HikariDataSource : HikariPool-1 - Start completed.
2023-09-04 00:07:41,554 INFO  [main] org.springframework.orm.jpa.LocalContainerEntityManagerFactoryBean : Initialized JPA EntityManagerFactory for persistence unit 'default'
2023-09-04 00:07:42,210 WARN  [main] org.springframework.boot.autoconfigure.orm.jpa.JpaBaseConfiguration$JpaWebConfiguration : spring.jpa.open-in-view is enabled by default. Therefore, database queries may be performed during view rendering. Explicitly configure spring.jpa.open-in-view to disable this warning
2023-09-04 00:07:42,308 INFO  [main] org.springframework.cloud.openfeign.FeignClientFactoryBean : For 'PRODUCT-SERVICE/product' URL not provided. Will try picking an instance via load-balancing.
2023-09-04 00:07:44,367 INFO  [main] org.springframework.cloud.commons.util.InetUtils : Cannot determine local hostname
2023-09-04 00:07:46,102 INFO  [main] org.springframework.cloud.commons.util.InetUtils : Cannot determine local hostname
2023-09-04 00:07:46,117 INFO  [main] org.springframework.cloud.netflix.eureka.config.DiscoveryClientOptionalArgsConfiguration : Eureka HTTP Client uses RestTemplate.
2023-09-04 00:07:46,171 WARN  [main] org.springframework.cloud.loadbalancer.config.LoadBalancerCacheAutoConfiguration$LoadBalancerCaffeineWarnLogger : Spring Cloud LoadBalancer is currently working with the default cache. While this cache implementation is useful for development and tests, it's recommended to use Caffeine cache in production.You can switch to using Caffeine cache, by adding it and org.springframework.cache.caffeine.CaffeineCacheManager to the classpath.
2023-09-04 00:07:46,192 INFO  [main] org.springframework.boot.actuate.endpoint.web.EndpointLinksResolver : Exposing 1 endpoint(s) beneath base path '/actuator'
2023-09-04 00:07:46,322 INFO  [main] org.springframework.cloud.netflix.eureka.InstanceInfoFactory : Setting initial instance status as: STARTING
2023-09-04 00:07:46,375 INFO  [main] com.netflix.discovery.DiscoveryClient : Initializing Eureka in region us-east-1
2023-09-04 00:07:46,381 INFO  [main] com.netflix.discovery.shared.resolver.aws.ConfigClusterResolver : Resolving eureka endpoints via configuration
2023-09-04 00:07:46,415 INFO  [main] com.netflix.discovery.DiscoveryClient : Disable delta property : false
2023-09-04 00:07:46,416 INFO  [main] com.netflix.discovery.DiscoveryClient : Single vip registry refresh property : null
2023-09-04 00:07:46,416 INFO  [main] com.netflix.discovery.DiscoveryClient : Force full registry fetch : false
2023-09-04 00:07:46,416 INFO  [main] com.netflix.discovery.DiscoveryClient : Application is null : false
2023-09-04 00:07:46,416 INFO  [main] com.netflix.discovery.DiscoveryClient : Registered Applications size is zero : true
2023-09-04 00:07:46,416 INFO  [main] com.netflix.discovery.DiscoveryClient : Application version is -1: true
2023-09-04 00:07:46,416 INFO  [main] com.netflix.discovery.DiscoveryClient : Getting all instance registry info from the eureka server
2023-09-04 00:07:46,778 INFO  [main] com.netflix.discovery.DiscoveryClient : The response status is 200
2023-09-04 00:07:46,781 INFO  [main] com.netflix.discovery.DiscoveryClient : Starting heartbeat executor: renew interval is: 30
2023-09-04 00:07:46,785 INFO  [main] com.netflix.discovery.InstanceInfoReplicator : InstanceInfoReplicator onDemand update allowed rate per min is 4
2023-09-04 00:07:46,793 INFO  [main] com.netflix.discovery.DiscoveryClient : Discovery Client initialized at timestamp 1693782466791 with initial instances count: 2
2023-09-04 00:07:46,796 INFO  [main] org.springframework.cloud.netflix.eureka.serviceregistry.EurekaServiceRegistry : Registering application ORDER-SERVICE with eureka with status UP
2023-09-04 00:07:46,796 INFO  [main] com.netflix.discovery.DiscoveryClient : Saw local status change event StatusChangeEvent [timestamp=1693782466796, current=UP, previous=STARTING]
2023-09-04 00:07:46,799 INFO  [DiscoveryClient-InstanceInfoReplicator-0] com.netflix.discovery.DiscoveryClient : DiscoveryClient_ORDER-SERVICE/localhost:ORDER-SERVICE:8082: registering service...
2023-09-04 00:07:46,837 INFO  [main] org.springframework.boot.web.embedded.tomcat.TomcatWebServer : Tomcat started on port(s): 8082 (http) with context path ''
2023-09-04 00:07:46,839 INFO  [main] org.springframework.cloud.netflix.eureka.serviceregistry.EurekaAutoServiceRegistration : Updating port to 8082
2023-09-04 00:07:46,873 INFO  [DiscoveryClient-InstanceInfoReplicator-0] com.netflix.discovery.DiscoveryClient : DiscoveryClient_ORDER-SERVICE/localhost:ORDER-SERVICE:8082 - registration status: 204
2023-09-04 00:07:48,250 INFO  [main] org.springframework.cloud.commons.util.InetUtils : Cannot determine local hostname
2023-09-04 00:07:48,278 INFO  [main] com.pks.orderservice.OrderServiceApplication : Started OrderServiceApplication in 15.969 seconds (process running for 17.564)
2023-09-04 00:10:53,351 INFO  [SpringApplicationShutdownHook] org.springframework.cloud.netflix.eureka.serviceregistry.EurekaServiceRegistry : Unregistering application ORDER-SERVICE with eureka with status DOWN
2023-09-04 00:10:53,352 INFO  [SpringApplicationShutdownHook] com.netflix.discovery.DiscoveryClient : Saw local status change event StatusChangeEvent [timestamp=1693782653352, current=DOWN, previous=UP]
2023-09-04 00:10:53,353 INFO  [DiscoveryClient-InstanceInfoReplicator-0] com.netflix.discovery.DiscoveryClient : DiscoveryClient_ORDER-SERVICE/localhost:ORDER-SERVICE:8082: registering service...
2023-09-04 00:10:53,361 INFO  [DiscoveryClient-InstanceInfoReplicator-0] com.netflix.discovery.DiscoveryClient : DiscoveryClient_ORDER-SERVICE/localhost:ORDER-SERVICE:8082 - registration status: 204
2023-09-04 00:10:53,422 INFO  [SpringApplicationShutdownHook] org.springframework.orm.jpa.LocalContainerEntityManagerFactoryBean : Closing JPA EntityManagerFactory for persistence unit 'default'
2023-09-04 00:10:53,426 INFO  [SpringApplicationShutdownHook] com.zaxxer.hikari.HikariDataSource : HikariPool-1 - Shutdown initiated...
2023-09-04 00:10:53,443 INFO  [SpringApplicationShutdownHook] com.zaxxer.hikari.HikariDataSource : HikariPool-1 - Shutdown completed.
2023-09-04 00:10:54,458 INFO  [SpringApplicationShutdownHook] com.netflix.discovery.DiscoveryClient : Shutting down DiscoveryClient ...
2023-09-04 00:10:57,476 INFO  [SpringApplicationShutdownHook] com.netflix.discovery.DiscoveryClient : Unregistering ...
2023-09-04 00:10:57,484 INFO  [SpringApplicationShutdownHook] com.netflix.discovery.DiscoveryClient : DiscoveryClient_ORDER-SERVICE/localhost:ORDER-SERVICE:8082 - deregister  status: 200
2023-09-04 00:10:57,495 INFO  [SpringApplicationShutdownHook] com.netflix.discovery.DiscoveryClient : Completed shut down of DiscoveryClient
2023-09-04 00:11:05,525 INFO  [main] com.pks.orderservice.OrderServiceApplication : Starting OrderServiceApplication using Java 17.0.7 with PID 2344 (C:\Users\USER\Documents\order-service\target\classes started by USER in C:\Users\USER\Documents\ProductService)
2023-09-04 00:11:05,525 INFO  [main] com.pks.orderservice.OrderServiceApplication : No active profile set, falling back to 1 default profile: "default"
2023-09-04 00:11:07,635 INFO  [main] org.springframework.data.repository.config.RepositoryConfigurationDelegate : Bootstrapping Spring Data JPA repositories in DEFAULT mode.
2023-09-04 00:11:07,753 INFO  [main] org.springframework.data.repository.config.RepositoryConfigurationDelegate : Finished Spring Data repository scanning in 103 ms. Found 1 JPA repository interfaces.
2023-09-04 00:11:08,226 INFO  [main] org.springframework.cloud.context.scope.GenericScope : BeanFactory id=c256f66e-b754-3a4d-bc5e-b2546c38b3ed
2023-09-04 00:11:08,376 INFO  [main] org.springframework.context.support.PostProcessorRegistrationDelegate$BeanPostProcessorChecker : Bean 'com.pks.orderservice.external.client.ProductService' of type [org.springframework.cloud.openfeign.FeignClientFactoryBean] is not eligible for getting processed by all BeanPostProcessors (for example: not eligible for auto-proxying)
2023-09-04 00:11:08,844 INFO  [main] org.springframework.boot.web.embedded.tomcat.TomcatWebServer : Tomcat initialized with port(s): 8082 (http)
2023-09-04 00:11:08,856 INFO  [main] org.apache.catalina.core.StandardService : Starting service [Tomcat]
2023-09-04 00:11:08,856 INFO  [main] org.apache.catalina.core.StandardEngine : Starting Servlet engine: [Apache Tomcat/10.1.12]
2023-09-04 00:11:09,025 INFO  [main] org.apache.catalina.core.ContainerBase.[Tomcat].[localhost].[/] : Initializing Spring embedded WebApplicationContext
2023-09-04 00:11:09,025 INFO  [main] org.springframework.boot.web.servlet.context.ServletWebServerApplicationContext : Root WebApplicationContext: initialization completed in 3391 ms
2023-09-04 00:11:10,275 INFO  [main] org.springframework.orm.jpa.persistenceunit.SpringPersistenceUnitInfo : No LoadTimeWeaver setup: ignoring JPA class transformer
2023-09-04 00:11:10,295 INFO  [main] com.zaxxer.hikari.HikariDataSource : HikariPool-1 - Starting...
2023-09-04 00:11:10,674 INFO  [main] com.zaxxer.hikari.pool.HikariPool : HikariPool-1 - Added connection com.mysql.cj.jdbc.ConnectionImpl@583030bd
2023-09-04 00:11:10,674 INFO  [main] com.zaxxer.hikari.HikariDataSource : HikariPool-1 - Start completed.
2023-09-04 00:11:12,074 INFO  [main] org.springframework.orm.jpa.LocalContainerEntityManagerFactoryBean : Initialized JPA EntityManagerFactory for persistence unit 'default'
2023-09-04 00:11:12,616 WARN  [main] org.springframework.boot.autoconfigure.orm.jpa.JpaBaseConfiguration$JpaWebConfiguration : spring.jpa.open-in-view is enabled by default. Therefore, database queries may be performed during view rendering. Explicitly configure spring.jpa.open-in-view to disable this warning
2023-09-04 00:11:12,744 INFO  [main] org.springframework.cloud.openfeign.FeignClientFactoryBean : For 'PRODUCT-SERVICE/product' URL not provided. Will try picking an instance via load-balancing.
2023-09-04 00:11:14,694 INFO  [main] org.springframework.cloud.commons.util.InetUtils : Cannot determine local hostname
2023-09-04 00:11:16,357 INFO  [main] org.springframework.cloud.commons.util.InetUtils : Cannot determine local hostname
2023-09-04 00:11:16,365 INFO  [main] org.springframework.cloud.netflix.eureka.config.DiscoveryClientOptionalArgsConfiguration : Eureka HTTP Client uses RestTemplate.
2023-09-04 00:11:16,430 WARN  [main] org.springframework.cloud.loadbalancer.config.LoadBalancerCacheAutoConfiguration$LoadBalancerCaffeineWarnLogger : Spring Cloud LoadBalancer is currently working with the default cache. While this cache implementation is useful for development and tests, it's recommended to use Caffeine cache in production.You can switch to using Caffeine cache, by adding it and org.springframework.cache.caffeine.CaffeineCacheManager to the classpath.
2023-09-04 00:11:16,474 INFO  [main] org.springframework.boot.actuate.endpoint.web.EndpointLinksResolver : Exposing 1 endpoint(s) beneath base path '/actuator'
2023-09-04 00:11:16,624 INFO  [main] org.springframework.cloud.netflix.eureka.InstanceInfoFactory : Setting initial instance status as: STARTING
2023-09-04 00:11:16,665 INFO  [main] com.netflix.discovery.DiscoveryClient : Initializing Eureka in region us-east-1
2023-09-04 00:11:16,675 INFO  [main] com.netflix.discovery.shared.resolver.aws.ConfigClusterResolver : Resolving eureka endpoints via configuration
2023-09-04 00:11:16,706 INFO  [main] com.netflix.discovery.DiscoveryClient : Disable delta property : false
2023-09-04 00:11:16,706 INFO  [main] com.netflix.discovery.DiscoveryClient : Single vip registry refresh property : null
2023-09-04 00:11:16,706 INFO  [main] com.netflix.discovery.DiscoveryClient : Force full registry fetch : false
2023-09-04 00:11:16,706 INFO  [main] com.netflix.discovery.DiscoveryClient : Application is null : false
2023-09-04 00:11:16,706 INFO  [main] com.netflix.discovery.DiscoveryClient : Registered Applications size is zero : true
2023-09-04 00:11:16,706 INFO  [main] com.netflix.discovery.DiscoveryClient : Application version is -1: true
2023-09-04 00:11:16,706 INFO  [main] com.netflix.discovery.DiscoveryClient : Getting all instance registry info from the eureka server
2023-09-04 00:11:17,028 INFO  [main] com.netflix.discovery.DiscoveryClient : The response status is 200
2023-09-04 00:11:17,036 INFO  [main] com.netflix.discovery.DiscoveryClient : Starting heartbeat executor: renew interval is: 30
2023-09-04 00:11:17,036 INFO  [main] com.netflix.discovery.InstanceInfoReplicator : InstanceInfoReplicator onDemand update allowed rate per min is 4
2023-09-04 00:11:17,045 INFO  [main] com.netflix.discovery.DiscoveryClient : Discovery Client initialized at timestamp 1693782677045 with initial instances count: 2
2023-09-04 00:11:17,048 INFO  [main] org.springframework.cloud.netflix.eureka.serviceregistry.EurekaServiceRegistry : Registering application ORDER-SERVICE with eureka with status UP
2023-09-04 00:11:17,048 INFO  [main] com.netflix.discovery.DiscoveryClient : Saw local status change event StatusChangeEvent [timestamp=1693782677048, current=UP, previous=STARTING]
2023-09-04 00:11:17,054 INFO  [DiscoveryClient-InstanceInfoReplicator-0] com.netflix.discovery.DiscoveryClient : DiscoveryClient_ORDER-SERVICE/localhost:ORDER-SERVICE:8082: registering service...
2023-09-04 00:11:17,094 INFO  [main] org.springframework.boot.web.embedded.tomcat.TomcatWebServer : Tomcat started on port(s): 8082 (http) with context path ''
2023-09-04 00:11:17,104 INFO  [main] org.springframework.cloud.netflix.eureka.serviceregistry.EurekaAutoServiceRegistration : Updating port to 8082
2023-09-04 00:11:17,134 INFO  [DiscoveryClient-InstanceInfoReplicator-0] com.netflix.discovery.DiscoveryClient : DiscoveryClient_ORDER-SERVICE/localhost:ORDER-SERVICE:8082 - registration status: 204
2023-09-04 00:11:18,464 INFO  [main] org.springframework.cloud.commons.util.InetUtils : Cannot determine local hostname
2023-09-04 00:11:18,512 INFO  [main] com.pks.orderservice.OrderServiceApplication : Started OrderServiceApplication in 15.54 seconds (process running for 17.211)
2023-09-04 13:44:21,921 WARN  [HikariPool-1 housekeeper] com.zaxxer.hikari.pool.HikariPool : HikariPool-1 - Thread starvation or clock leap detected (housekeeper delta=13h29m46s209ms659µs400ns).
2023-09-04 13:45:27,808 INFO  [AsyncResolver-bootstrap-executor-0] com.netflix.discovery.shared.resolver.aws.ConfigClusterResolver : Resolving eureka endpoints via configuration
2023-09-04 13:50:27,825 INFO  [AsyncResolver-bootstrap-executor-0] com.netflix.discovery.shared.resolver.aws.ConfigClusterResolver : Resolving eureka endpoints via configuration
2023-09-04 13:55:27,840 INFO  [AsyncResolver-bootstrap-executor-0] com.netflix.discovery.shared.resolver.aws.ConfigClusterResolver : Resolving eureka endpoints via configuration
2023-09-04 14:00:27,863 INFO  [AsyncResolver-bootstrap-executor-0] com.netflix.discovery.shared.resolver.aws.ConfigClusterResolver : Resolving eureka endpoints via configuration
2023-09-04 14:05:27,870 INFO  [AsyncResolver-bootstrap-executor-0] com.netflix.discovery.shared.resolver.aws.ConfigClusterResolver : Resolving eureka endpoints via configuration
2023-09-04 14:10:27,884 INFO  [AsyncResolver-bootstrap-executor-0] com.netflix.discovery.shared.resolver.aws.ConfigClusterResolver : Resolving eureka endpoints via configuration
2023-09-04 14:15:27,893 INFO  [AsyncResolver-bootstrap-executor-0] com.netflix.discovery.shared.resolver.aws.ConfigClusterResolver : Resolving eureka endpoints via configuration
2023-09-04 14:20:27,895 INFO  [AsyncResolver-bootstrap-executor-0] com.netflix.discovery.shared.resolver.aws.ConfigClusterResolver : Resolving eureka endpoints via configuration
2023-09-04 14:25:27,897 INFO  [AsyncResolver-bootstrap-executor-0] com.netflix.discovery.shared.resolver.aws.ConfigClusterResolver : Resolving eureka endpoints via configuration
2023-09-04 14:29:42,691 INFO  [SpringApplicationShutdownHook] org.springframework.cloud.netflix.eureka.serviceregistry.EurekaServiceRegistry : Unregistering application ORDER-SERVICE with eureka with status DOWN
2023-09-04 14:29:42,692 INFO  [SpringApplicationShutdownHook] com.netflix.discovery.DiscoveryClient : Saw local status change event StatusChangeEvent [timestamp=1693834182692, current=DOWN, previous=UP]
2023-09-04 14:29:42,692 INFO  [DiscoveryClient-InstanceInfoReplicator-0] com.netflix.discovery.DiscoveryClient : DiscoveryClient_ORDER-SERVICE/localhost:ORDER-SERVICE:8082: registering service...
2023-09-04 14:29:42,724 INFO  [DiscoveryClient-InstanceInfoReplicator-0] com.netflix.discovery.DiscoveryClient : DiscoveryClient_ORDER-SERVICE/localhost:ORDER-SERVICE:8082 - registration status: 204
2023-09-04 14:29:42,869 INFO  [SpringApplicationShutdownHook] org.springframework.orm.jpa.LocalContainerEntityManagerFactoryBean : Closing JPA EntityManagerFactory for persistence unit 'default'
2023-09-04 14:29:42,891 INFO  [SpringApplicationShutdownHook] com.zaxxer.hikari.HikariDataSource : HikariPool-1 - Shutdown initiated...
2023-09-04 14:29:42,914 INFO  [SpringApplicationShutdownHook] com.zaxxer.hikari.HikariDataSource : HikariPool-1 - Shutdown completed.
2023-09-04 14:29:43,932 INFO  [SpringApplicationShutdownHook] com.netflix.discovery.DiscoveryClient : Shutting down DiscoveryClient ...
2023-09-04 14:29:46,949 INFO  [SpringApplicationShutdownHook] com.netflix.discovery.DiscoveryClient : Unregistering ...
2023-09-04 14:29:46,959 INFO  [SpringApplicationShutdownHook] com.netflix.discovery.DiscoveryClient : DiscoveryClient_ORDER-SERVICE/localhost:ORDER-SERVICE:8082 - deregister  status: 200
2023-09-04 14:29:46,971 INFO  [SpringApplicationShutdownHook] com.netflix.discovery.DiscoveryClient : Completed shut down of DiscoveryClient
2023-09-04 14:34:28,814 INFO  [main] com.pks.orderservice.OrderServiceApplication : Starting OrderServiceApplication using Java 17.0.7 with PID 12604 (C:\Users\USER\Documents\order-service\target\classes started by USER in C:\Users\USER\Documents\ProductService)
2023-09-04 14:34:28,814 INFO  [main] com.pks.orderservice.OrderServiceApplication : No active profile set, falling back to 1 default profile: "default"
2023-09-04 14:34:31,218 INFO  [main] org.springframework.data.repository.config.RepositoryConfigurationDelegate : Bootstrapping Spring Data JPA repositories in DEFAULT mode.
2023-09-04 14:34:31,377 INFO  [main] org.springframework.data.repository.config.RepositoryConfigurationDelegate : Finished Spring Data repository scanning in 146 ms. Found 1 JPA repository interfaces.
2023-09-04 14:34:32,013 INFO  [main] org.springframework.cloud.context.scope.GenericScope : BeanFactory id=c256f66e-b754-3a4d-bc5e-b2546c38b3ed
2023-09-04 14:34:32,142 INFO  [main] org.springframework.context.support.PostProcessorRegistrationDelegate$BeanPostProcessorChecker : Bean 'com.pks.orderservice.external.client.ProductService' of type [org.springframework.cloud.openfeign.FeignClientFactoryBean] is not eligible for getting processed by all BeanPostProcessors (for example: not eligible for auto-proxying)
2023-09-04 14:34:32,640 INFO  [main] org.springframework.boot.web.embedded.tomcat.TomcatWebServer : Tomcat initialized with port(s): 8082 (http)
2023-09-04 14:34:32,655 INFO  [main] org.apache.catalina.core.StandardService : Starting service [Tomcat]
2023-09-04 14:34:32,656 INFO  [main] org.apache.catalina.core.StandardEngine : Starting Servlet engine: [Apache Tomcat/10.1.12]
2023-09-04 14:34:32,805 INFO  [main] org.apache.catalina.core.ContainerBase.[Tomcat].[localhost].[/] : Initializing Spring embedded WebApplicationContext
2023-09-04 14:34:32,805 INFO  [main] org.springframework.boot.web.servlet.context.ServletWebServerApplicationContext : Root WebApplicationContext: initialization completed in 3872 ms
2023-09-04 14:34:34,392 INFO  [main] org.springframework.orm.jpa.persistenceunit.SpringPersistenceUnitInfo : No LoadTimeWeaver setup: ignoring JPA class transformer
2023-09-04 14:34:34,429 INFO  [main] com.zaxxer.hikari.HikariDataSource : HikariPool-1 - Starting...
2023-09-04 14:34:34,950 INFO  [main] com.zaxxer.hikari.pool.HikariPool : HikariPool-1 - Added connection com.mysql.cj.jdbc.ConnectionImpl@583030bd
2023-09-04 14:34:34,950 INFO  [main] com.zaxxer.hikari.HikariDataSource : HikariPool-1 - Start completed.
2023-09-04 14:34:36,901 INFO  [main] org.springframework.orm.jpa.LocalContainerEntityManagerFactoryBean : Initialized JPA EntityManagerFactory for persistence unit 'default'
2023-09-04 14:34:37,568 WARN  [main] org.springframework.boot.autoconfigure.orm.jpa.JpaBaseConfiguration$JpaWebConfiguration : spring.jpa.open-in-view is enabled by default. Therefore, database queries may be performed during view rendering. Explicitly configure spring.jpa.open-in-view to disable this warning
2023-09-04 14:34:37,670 INFO  [main] org.springframework.cloud.openfeign.FeignClientFactoryBean : For 'PRODUCT-SERVICE/product' URL not provided. Will try picking an instance via load-balancing.
2023-09-04 14:34:39,981 INFO  [main] org.springframework.cloud.commons.util.InetUtils : Cannot determine local hostname
2023-09-04 14:34:41,868 INFO  [main] org.springframework.cloud.commons.util.InetUtils : Cannot determine local hostname
2023-09-04 14:34:41,886 INFO  [main] org.springframework.cloud.netflix.eureka.config.DiscoveryClientOptionalArgsConfiguration : Eureka HTTP Client uses RestTemplate.
2023-09-04 14:34:41,962 WARN  [main] org.springframework.cloud.loadbalancer.config.LoadBalancerCacheAutoConfiguration$LoadBalancerCaffeineWarnLogger : Spring Cloud LoadBalancer is currently working with the default cache. While this cache implementation is useful for development and tests, it's recommended to use Caffeine cache in production.You can switch to using Caffeine cache, by adding it and org.springframework.cache.caffeine.CaffeineCacheManager to the classpath.
2023-09-04 14:34:41,988 INFO  [main] org.springframework.boot.actuate.endpoint.web.EndpointLinksResolver : Exposing 1 endpoint(s) beneath base path '/actuator'
2023-09-04 14:34:42,182 INFO  [main] org.springframework.cloud.netflix.eureka.InstanceInfoFactory : Setting initial instance status as: STARTING
2023-09-04 14:34:42,246 INFO  [main] com.netflix.discovery.DiscoveryClient : Initializing Eureka in region us-east-1
2023-09-04 14:34:42,253 INFO  [main] com.netflix.discovery.shared.resolver.aws.ConfigClusterResolver : Resolving eureka endpoints via configuration
2023-09-04 14:34:42,287 INFO  [main] com.netflix.discovery.DiscoveryClient : Disable delta property : false
2023-09-04 14:34:42,287 INFO  [main] com.netflix.discovery.DiscoveryClient : Single vip registry refresh property : null
2023-09-04 14:34:42,287 INFO  [main] com.netflix.discovery.DiscoveryClient : Force full registry fetch : false
2023-09-04 14:34:42,287 INFO  [main] com.netflix.discovery.DiscoveryClient : Application is null : false
2023-09-04 14:34:42,287 INFO  [main] com.netflix.discovery.DiscoveryClient : Registered Applications size is zero : true
2023-09-04 14:34:42,287 INFO  [main] com.netflix.discovery.DiscoveryClient : Application version is -1: true
2023-09-04 14:34:42,288 INFO  [main] com.netflix.discovery.DiscoveryClient : Getting all instance registry info from the eureka server
2023-09-04 14:34:42,680 INFO  [main] com.netflix.discovery.DiscoveryClient : The response status is 200
2023-09-04 14:34:42,685 INFO  [main] com.netflix.discovery.DiscoveryClient : Starting heartbeat executor: renew interval is: 30
2023-09-04 14:34:42,690 INFO  [main] com.netflix.discovery.InstanceInfoReplicator : InstanceInfoReplicator onDemand update allowed rate per min is 4
2023-09-04 14:34:42,699 INFO  [main] com.netflix.discovery.DiscoveryClient : Discovery Client initialized at timestamp 1693834482697 with initial instances count: 2
2023-09-04 14:34:42,704 INFO  [main] org.springframework.cloud.netflix.eureka.serviceregistry.EurekaServiceRegistry : Registering application ORDER-SERVICE with eureka with status UP
2023-09-04 14:34:42,705 INFO  [main] com.netflix.discovery.DiscoveryClient : Saw local status change event StatusChangeEvent [timestamp=1693834482705, current=UP, previous=STARTING]
2023-09-04 14:34:42,710 INFO  [DiscoveryClient-InstanceInfoReplicator-0] com.netflix.discovery.DiscoveryClient : DiscoveryClient_ORDER-SERVICE/localhost:ORDER-SERVICE:8082: registering service...
2023-09-04 14:34:42,763 INFO  [main] org.springframework.boot.web.embedded.tomcat.TomcatWebServer : Tomcat started on port(s): 8082 (http) with context path ''
2023-09-04 14:34:42,765 INFO  [main] org.springframework.cloud.netflix.eureka.serviceregistry.EurekaAutoServiceRegistration : Updating port to 8082
2023-09-04 14:34:42,807 INFO  [DiscoveryClient-InstanceInfoReplicator-0] com.netflix.discovery.DiscoveryClient : DiscoveryClient_ORDER-SERVICE/localhost:ORDER-SERVICE:8082 - registration status: 204
2023-09-04 14:34:44,245 INFO  [main] org.springframework.cloud.commons.util.InetUtils : Cannot determine local hostname
2023-09-04 14:34:44,282 INFO  [main] com.pks.orderservice.OrderServiceApplication : Started OrderServiceApplication in 18.075 seconds (process running for 19.857)
2023-09-04 14:39:42,309 INFO  [AsyncResolver-bootstrap-executor-0] com.netflix.discovery.shared.resolver.aws.ConfigClusterResolver : Resolving eureka endpoints via configuration
2023-09-04 14:54:21,840 WARN  [HikariPool-1 housekeeper] com.zaxxer.hikari.pool.HikariPool : HikariPool-1 - Thread starvation or clock leap detected (housekeeper delta=14m20s970ms586µs500ns).
2023-09-04 14:58:28,968 INFO  [AsyncResolver-bootstrap-executor-0] com.netflix.discovery.shared.resolver.aws.ConfigClusterResolver : Resolving eureka endpoints via configuration
2023-09-04 15:03:28,979 INFO  [AsyncResolver-bootstrap-executor-0] com.netflix.discovery.shared.resolver.aws.ConfigClusterResolver : Resolving eureka endpoints via configuration
2023-09-04 15:07:23,571 INFO  [SpringApplicationShutdownHook] org.springframework.cloud.netflix.eureka.serviceregistry.EurekaServiceRegistry : Unregistering application ORDER-SERVICE with eureka with status DOWN
2023-09-04 15:07:23,572 INFO  [SpringApplicationShutdownHook] com.netflix.discovery.DiscoveryClient : Saw local status change event StatusChangeEvent [timestamp=1693836443572, current=DOWN, previous=UP]
2023-09-04 15:07:23,572 INFO  [DiscoveryClient-InstanceInfoReplicator-0] com.netflix.discovery.DiscoveryClient : DiscoveryClient_ORDER-SERVICE/localhost:ORDER-SERVICE:8082: registering service...
2023-09-04 15:07:23,579 INFO  [DiscoveryClient-InstanceInfoReplicator-0] com.netflix.discovery.DiscoveryClient : DiscoveryClient_ORDER-SERVICE/localhost:ORDER-SERVICE:8082 - registration status: 204
2023-09-04 15:07:23,605 INFO  [SpringApplicationShutdownHook] org.springframework.orm.jpa.LocalContainerEntityManagerFactoryBean : Closing JPA EntityManagerFactory for persistence unit 'default'
2023-09-04 15:07:23,608 INFO  [SpringApplicationShutdownHook] com.zaxxer.hikari.HikariDataSource : HikariPool-1 - Shutdown initiated...
2023-09-04 15:07:23,614 INFO  [SpringApplicationShutdownHook] com.zaxxer.hikari.HikariDataSource : HikariPool-1 - Shutdown completed.
2023-09-04 15:07:24,623 INFO  [SpringApplicationShutdownHook] com.netflix.discovery.DiscoveryClient : Shutting down DiscoveryClient ...
2023-09-04 15:07:27,628 INFO  [SpringApplicationShutdownHook] com.netflix.discovery.DiscoveryClient : Unregistering ...
2023-09-04 15:07:27,634 INFO  [SpringApplicationShutdownHook] com.netflix.discovery.DiscoveryClient : DiscoveryClient_ORDER-SERVICE/localhost:ORDER-SERVICE:8082 - deregister  status: 200
2023-09-04 15:07:27,639 INFO  [SpringApplicationShutdownHook] com.netflix.discovery.DiscoveryClient : Completed shut down of DiscoveryClient
